{
  "RSpec": {
    "coverage": {
      "/Users/Audrey/ada-class/Week9/quack_app/app/helpers/application_helper.rb": [
        1,
        null
      ],
      "/Users/Audrey/ada-class/Week9/quack_app/app/helpers/quacks_helper.rb": [
        1,
        null
      ],
      "/Users/Audrey/ada-class/Week9/quack_app/app/controllers/quacks_controller.rb": [
        1,
        1,
        3,
        3,
        null,
        null,
        1,
        2,
        null,
        null,
        1,
        3,
        3,
        2,
        null,
        1,
        null,
        null,
        null
      ],
      "/Users/Audrey/ada-class/Week9/quack_app/app/controllers/application_controller.rb": [
        1,
        null,
        null,
        1,
        null
      ],
      "/Users/Audrey/ada-class/Week9/quack_app/app/models/quack.rb": [
        1,
        1,
        1,
        null
      ]
    },
    "timestamp": 1389479451
  }
}
